1725887918562:help
1725887923656:random
1725888058001:stacktrace
1725888078514:random
1725888993505:help
1725888997248:type
1725889471849:help
1725889487824:type
1725889504851:type relaxation
1725889536107:type
1725889549001:type relaxation
1725891588496:type
1725891596307:type relaxation
1725891897787:random
1725891918280:help
1725895707396:type relaxation
1725977017205:random
1725978979861:randome
1725978981412:random
1725978987636:type relaxation
1725979201118:complete
1725979211190:complete --arg1
1725979223981:complete --arg1 edu
1725979334775:complete	--arg1	education
1725979968318:type --arg relaxation
1725980382992:complete --option	val
1725986839777:random
1725986845000:type education
1726072028986:random
1726072044623:type
1726104380282:client
1726104548186:random
1726104550864:type
1726153543402:help
1726153548129:client
1726157698235:random
1726157704483:type education
1726158484938:random
1726158488057:type
1726158507427:type education 2
1726158754884:tpe
1726158757320:type
1726159185491:random
1726159303538:type
1726159313162:participants
1726159327275:participants 2
1726159448780:participants
1726159457251:participants 2
1726161000543:help
1726161034643:random
1726161038209:type
1726161043491:participants 1
1726161050098:participants 2
1726164203485:participants
1726166046868:help
1726166207028:printMessage --value
1726166216388:print-message --value
1726166228828:printMessage value
1726166482725:participants 2
1726166749245:participants
1726168260024:key
1726168594827:random
